02-11-2023 14:15:22 INFO     [app.py:18] app.py running
02-11-2023 14:15:22 DEBUG    [initialize_app.py:30] Creating Super Admin
02-11-2023 14:15:22 DEBUG    [initialize_app.py:64] Super Admin Present
02-11-2023 14:15:22 DEBUG    [initialize_app.py:66] Initialization Complete
02-11-2023 14:15:22 INFO     [menu.py:111] Running start()
02-11-2023 14:15:34 INFO     [app.py:23] Stopping Application
02-11-2023 14:15:36 INFO     [app.py:18] app.py running
02-11-2023 14:15:36 DEBUG    [initialize_app.py:30] Creating Super Admin
02-11-2023 14:15:36 DEBUG    [initialize_app.py:47] Created Super Admin
02-11-2023 14:15:36 DEBUG    [initialize_app.py:66] Initialization Complete
02-11-2023 14:15:36 INFO     [menu.py:111] Running start()
02-11-2023 14:15:38 DEBUG    [auth_handler.py:19] Login started...
02-11-2023 14:15:38 DEBUG    [auth_controller.py:20] Login Initiated
02-11-2023 14:15:47 DEBUG    [auth_controller.py:20] Login Initiated
02-11-2023 14:15:55 DEBUG    [auth_controller.py:42] Login Successful
02-11-2023 14:15:55 DEBUG    [auth_handler.py:36] Login Successful
02-11-2023 14:15:55 INFO     [menu.py:93] Assigning menu according to the role
02-11-2023 14:15:55 INFO     [menu.py:19] Running Super Admin Menu
02-11-2023 14:16:00 DEBUG    [user_handler.py:15] Display all admins
02-11-2023 14:16:01 DEBUG    [user_handler.py:15] Display all admins
02-11-2023 14:16:02 DEBUG    [user_handler.py:62] No admin Currently!
02-11-2023 14:16:03 DEBUG    [user_controller.py:36] Creating Admin
02-11-2023 14:16:10 INFO     [app.py:18] app.py running
02-11-2023 14:16:10 DEBUG    [initialize_app.py:30] Creating Super Admin
02-11-2023 14:16:10 DEBUG    [initialize_app.py:64] Super Admin Present
02-11-2023 14:16:10 DEBUG    [initialize_app.py:66] Initialization Complete
02-11-2023 14:16:10 INFO     [menu.py:111] Running start()
02-11-2023 14:16:11 DEBUG    [auth_handler.py:43] SignUp started...
02-11-2023 14:16:11 DEBUG    [auth_controller.py:51] Signup Initiated
02-11-2023 14:16:34 DEBUG    [auth_controller.py:79] Signup Successful
02-11-2023 14:16:34 DEBUG    [auth_handler.py:53] SignUp Successful
02-11-2023 14:16:34 INFO     [menu.py:69] Running User Menu
02-11-2023 14:16:36 DEBUG    [quiz_handler.py:77] No Data in Leaderboard
02-11-2023 14:16:36 DEBUG    [user_handler.py:32] Display score for john_here: 
02-11-2023 14:16:38 DEBUG    [quiz_handler.py:89] Starting Quiz for john_here: 
02-11-2023 14:16:38 DEBUG    [quiz_handler.py:16] Display All Categories
02-11-2023 14:16:38 DEBUG    [quiz_handler.py:96] No Category Added!
02-11-2023 14:16:47 DEBUG    [quiz_handler.py:89] Starting Quiz for john_here: 
02-11-2023 14:16:47 DEBUG    [quiz_handler.py:16] Display All Categories
02-11-2023 14:16:47 DEBUG    [quiz_handler.py:96] No Category Added!
02-11-2023 14:17:51 INFO     [app.py:18] app.py running
02-11-2023 14:17:51 DEBUG    [initialize_app.py:30] Creating Super Admin
02-11-2023 14:17:51 DEBUG    [initialize_app.py:64] Super Admin Present
02-11-2023 14:17:51 DEBUG    [initialize_app.py:66] Initialization Complete
02-11-2023 14:17:51 INFO     [menu.py:111] Running start()
02-11-2023 14:17:52 DEBUG    [auth_handler.py:43] SignUp started...
02-11-2023 14:17:52 DEBUG    [auth_controller.py:51] Signup Initiated
02-11-2023 14:18:07 DEBUG    [auth_controller.py:79] Signup Successful
02-11-2023 14:18:07 DEBUG    [auth_handler.py:53] SignUp Successful
02-11-2023 14:18:07 INFO     [menu.py:69] Running User Menu
02-11-2023 14:18:09 DEBUG    [quiz_handler.py:77] No Data in Leaderboard
02-11-2023 14:18:10 DEBUG    [user_handler.py:32] Display score for peter.pan: 
02-11-2023 14:18:10 DEBUG    [quiz_handler.py:88] Starting Quiz for peter.pan: 
02-11-2023 14:18:10 DEBUG    [quiz_handler.py:16] Display All Categories
02-11-2023 14:18:10 DEBUG    [quiz_handler.py:95] No Category Added!
02-11-2023 14:18:20 DEBUG    [auth_handler.py:19] Login started...
02-11-2023 14:18:20 DEBUG    [auth_controller.py:20] Login Initiated
02-11-2023 14:18:24 DEBUG    [auth_controller.py:42] Login Successful
02-11-2023 14:18:24 DEBUG    [auth_handler.py:36] Login Successful
02-11-2023 14:18:24 INFO     [menu.py:93] Assigning menu according to the role
02-11-2023 14:18:24 INFO     [menu.py:19] Running Super Admin Menu
02-11-2023 14:18:30 DEBUG    [user_controller.py:36] Creating Admin
02-11-2023 14:18:44 DEBUG    [user_controller.py:55] Admin created
02-11-2023 14:18:45 DEBUG    [user_handler.py:15] Display all admins
02-11-2023 14:18:48 DEBUG    [user_controller.py:66] Deleting {'Admin'}
02-11-2023 14:19:08 DEBUG    [user_controller.py:66] Deleting {'Admin'}
02-11-2023 14:19:16 DEBUG    [user_controller.py:82] User deleted
02-11-2023 14:19:18 DEBUG    [user_handler.py:15] Display all admins
02-11-2023 14:19:19 DEBUG    [user_handler.py:62] No admin Currently!
02-11-2023 14:19:20 DEBUG    [user_controller.py:36] Creating Admin
02-11-2023 14:19:37 DEBUG    [user_controller.py:55] Admin created
02-11-2023 14:19:40 DEBUG    [user_controller.py:36] Creating Admin
02-11-2023 14:19:48 INFO     [app.py:18] app.py running
02-11-2023 14:19:48 DEBUG    [initialize_app.py:30] Creating Super Admin
02-11-2023 14:19:48 DEBUG    [initialize_app.py:64] Super Admin Present
02-11-2023 14:19:48 DEBUG    [initialize_app.py:66] Initialization Complete
02-11-2023 14:19:48 INFO     [menu.py:111] Running start()
02-11-2023 14:19:53 DEBUG    [auth_handler.py:43] SignUp started...
02-11-2023 14:19:53 DEBUG    [auth_controller.py:51] Signup Initiated
02-11-2023 14:19:58 INFO     [app.py:18] app.py running
02-11-2023 14:19:58 DEBUG    [initialize_app.py:30] Creating Super Admin
02-11-2023 14:19:58 DEBUG    [initialize_app.py:64] Super Admin Present
02-11-2023 14:19:58 DEBUG    [initialize_app.py:66] Initialization Complete
02-11-2023 14:19:58 INFO     [menu.py:111] Running start()
02-11-2023 14:19:59 DEBUG    [auth_handler.py:19] Login started...
02-11-2023 14:19:59 DEBUG    [auth_controller.py:20] Login Initiated
02-11-2023 14:22:12 DEBUG    [auth_controller.py:42] Login Successful
02-11-2023 14:22:12 DEBUG    [auth_handler.py:36] Login Successful
02-11-2023 14:22:12 INFO     [menu.py:93] Assigning menu according to the role
02-11-2023 14:22:12 INFO     [menu.py:43] Running Admin Menu
02-11-2023 14:22:12 DEBUG    [auth_handler.py:63] Changing Default Admin Password
02-11-2023 14:22:44 DEBUG    [auth_handler.py:83] Default Admin Password Changed
02-11-2023 14:22:45 INFO     [menu_handler.py:19] Running Admin: Manage Users Menu
02-11-2023 14:22:46 DEBUG    [user_handler.py:15] Display all users
02-11-2023 14:22:54 DEBUG    [user_controller.py:66] Deleting {'User'}
02-11-2023 14:23:09 INFO     [menu_handler.py:90] Running Admin: Manage Quizzes Menu
02-11-2023 14:23:11 INFO     [menu_handler.py:38] Running Admin: Manage Categories Menu
02-11-2023 14:23:13 DEBUG    [quiz_handler.py:16] Display All Categories
02-11-2023 14:23:13 ERROR    [menu_handler.py:47] No Category Added!
02-11-2023 14:23:14 DEBUG    [quiz_handler.py:16] Display All Categories
02-11-2023 14:23:14 DEBUG    [quiz_handler.py:124] No Category Added!
02-11-2023 14:23:14 DEBUG    [quiz_controller.py:71] Creating Category
02-11-2023 14:23:24 DEBUG    [quiz_controller.py:86] Category Created
02-11-2023 14:23:26 DEBUG    [quiz_handler.py:16] Display All Categories
02-11-2023 14:23:26 DEBUG    [quiz_controller.py:185] Updating a Category
02-11-2023 14:23:34 DEBUG    [quiz_handler.py:157] No such Category! Please choose from above!!
02-11-2023 14:23:36 DEBUG    [quiz_handler.py:16] Display All Categories
02-11-2023 14:23:36 DEBUG    [quiz_controller.py:205] Deleting a Category
02-11-2023 14:23:37 DEBUG    [quiz_handler.py:169] No such Category! Please choose from above!!
02-11-2023 14:23:40 DEBUG    [quiz_handler.py:16] Display All Categories
02-11-2023 14:23:40 DEBUG    [quiz_controller.py:205] Deleting a Category
02-11-2023 14:23:42 WARNING  [quiz_controller.py:221] Deleting the Category: Maths
02-11-2023 14:23:42 DEBUG    [quiz_controller.py:224] Category Maths deleted
02-11-2023 14:23:44 DEBUG    [quiz_handler.py:16] Display All Categories
02-11-2023 14:23:44 DEBUG    [quiz_handler.py:157] No Category Added!
02-11-2023 14:23:45 DEBUG    [quiz_handler.py:16] Display All Categories
02-11-2023 14:23:45 DEBUG    [quiz_handler.py:169] No Category Added!
02-11-2023 14:23:46 DEBUG    [quiz_handler.py:16] Display All Categories
02-11-2023 14:23:46 DEBUG    [quiz_handler.py:124] No Category Added!
02-11-2023 14:23:46 DEBUG    [quiz_controller.py:71] Creating Category
02-11-2023 14:23:48 DEBUG    [quiz_controller.py:86] Category Created
02-11-2023 14:23:50 DEBUG    [quiz_handler.py:16] Display All Categories
02-11-2023 14:23:50 DEBUG    [quiz_controller.py:205] Deleting a Category
02-11-2023 14:23:53 WARNING  [quiz_controller.py:221] Deleting the Category: Maths
02-11-2023 14:23:53 DEBUG    [quiz_controller.py:224] Category Maths deleted
02-11-2023 14:23:56 INFO     [menu_handler.py:66] Running Admin: Manage Questions Menu
02-11-2023 14:24:00 DEBUG    [quiz_handler.py:33] Display All Questions
02-11-2023 14:24:00 DEBUG    [quiz_handler.py:37] No Questions added
02-11-2023 14:24:02 DEBUG    [quiz_handler.py:51] Display Questions By Category
02-11-2023 14:24:02 DEBUG    [quiz_handler.py:16] Display All Categories
02-11-2023 14:24:02 DEBUG    [quiz_handler.py:57] No Category Added!
02-11-2023 14:24:04 DEBUG    [quiz_handler.py:16] Display All Categories
02-11-2023 14:24:04 DEBUG    [quiz_handler.py:141] No Category Added!
02-11-2023 14:24:05 DEBUG    [quiz_handler.py:16] Display All Categories
02-11-2023 14:24:05 DEBUG    [quiz_handler.py:141] No Category Added!
02-11-2023 14:24:10 DEBUG    [quiz_handler.py:33] Display All Questions
02-11-2023 14:24:12 DEBUG    [quiz_handler.py:51] Display Questions By Category
02-11-2023 14:24:12 DEBUG    [quiz_handler.py:16] Display All Categories
02-11-2023 14:24:12 DEBUG    [quiz_controller.py:37] Get Questions by Category
02-11-2023 14:24:13 ERROR    [exception_handler.py:35] could not convert string to float: 'True'
02-11-2023 14:24:15 INFO     [menu_handler.py:66] Running Admin: Manage Questions Menu
02-11-2023 14:24:16 DEBUG    [quiz_handler.py:51] Display Questions By Category
02-11-2023 14:24:16 DEBUG    [quiz_handler.py:16] Display All Categories
02-11-2023 14:24:16 DEBUG    [quiz_controller.py:37] Get Questions by Category
02-11-2023 14:24:22 DEBUG    [quiz_handler.py:33] Display All Questions
02-11-2023 14:24:34 DEBUG    [quiz_handler.py:16] Display All Categories
02-11-2023 14:24:34 DEBUG    [quiz_controller.py:95] Creating Question
02-11-2023 14:25:41 DEBUG    [quiz_controller.py:123] Question Created
02-11-2023 14:25:44 DEBUG    [quiz_handler.py:33] Display All Questions
02-11-2023 14:26:00 INFO     [menu_handler.py:90] Running Admin: Manage Quizzes Menu
02-11-2023 14:26:02 INFO     [menu_handler.py:38] Running Admin: Manage Categories Menu
02-11-2023 14:26:03 DEBUG    [quiz_handler.py:16] Display All Categories
02-11-2023 14:26:11 DEBUG    [auth_handler.py:43] SignUp started...
02-11-2023 14:26:11 DEBUG    [auth_controller.py:51] Signup Initiated
02-11-2023 14:26:14 INFO     [app.py:18] app.py running
02-11-2023 14:26:14 DEBUG    [initialize_app.py:30] Creating Super Admin
02-11-2023 14:26:14 DEBUG    [initialize_app.py:64] Super Admin Present
02-11-2023 14:26:14 DEBUG    [initialize_app.py:66] Initialization Complete
02-11-2023 14:26:14 INFO     [menu.py:111] Running start()
02-11-2023 14:26:15 DEBUG    [auth_handler.py:19] Login started...
02-11-2023 14:26:15 DEBUG    [auth_controller.py:20] Login Initiated
02-11-2023 14:26:27 DEBUG    [auth_controller.py:42] Login Successful
02-11-2023 14:26:27 DEBUG    [auth_handler.py:36] Login Successful
02-11-2023 14:26:27 INFO     [menu.py:93] Assigning menu according to the role
02-11-2023 14:26:27 INFO     [menu.py:69] Running User Menu
02-11-2023 14:26:30 DEBUG    [quiz_handler.py:77] No Data in Leaderboard
02-11-2023 14:26:31 DEBUG    [user_handler.py:32] Display score for peter.pan: 
02-11-2023 14:26:32 DEBUG    [quiz_handler.py:88] Starting Quiz for peter.pan: 
02-11-2023 14:26:32 DEBUG    [quiz_handler.py:16] Display All Categories
02-11-2023 14:26:33 DEBUG    [quiz_controller.py:231] Stating Quiz for peter.pan: 
02-11-2023 14:26:49 ERROR    [exception_handler.py:35] invalid literal for int() with base 10: ''
02-11-2023 14:29:04 INFO     [app.py:18] app.py running
02-11-2023 14:29:04 DEBUG    [initialize_app.py:30] Creating Super Admin
02-11-2023 14:29:04 DEBUG    [initialize_app.py:64] Super Admin Present
02-11-2023 14:29:04 DEBUG    [initialize_app.py:66] Initialization Complete
02-11-2023 14:29:04 INFO     [menu.py:111] Running start()
02-11-2023 14:29:05 DEBUG    [auth_handler.py:19] Login started...
02-11-2023 14:29:05 DEBUG    [auth_controller.py:20] Login Initiated
02-11-2023 14:29:10 DEBUG    [auth_controller.py:42] Login Successful
02-11-2023 14:29:10 DEBUG    [auth_handler.py:36] Login Successful
02-11-2023 14:29:10 INFO     [menu.py:93] Assigning menu according to the role
02-11-2023 14:29:10 INFO     [menu.py:69] Running User Menu
02-11-2023 14:29:12 DEBUG    [quiz_handler.py:77] No Data in Leaderboard
02-11-2023 14:29:13 DEBUG    [user_handler.py:32] Display score for peter.pan: 
02-11-2023 14:29:14 DEBUG    [quiz_handler.py:88] Starting Quiz for peter.pan: 
02-11-2023 14:29:14 DEBUG    [quiz_handler.py:16] Display All Categories
02-11-2023 14:29:16 DEBUG    [quiz_controller.py:231] Stating Quiz for peter.pan: 
02-11-2023 14:29:28 ERROR    [exception_handler.py:35] invalid literal for int() with base 10: ''
02-11-2023 14:29:37 DEBUG    [auth_handler.py:19] Login started...
02-11-2023 14:29:37 DEBUG    [auth_controller.py:20] Login Initiated
02-11-2023 14:29:50 DEBUG    [auth_controller.py:42] Login Successful
02-11-2023 14:29:50 DEBUG    [auth_handler.py:36] Login Successful
02-11-2023 14:29:50 INFO     [menu.py:93] Assigning menu according to the role
02-11-2023 14:29:50 INFO     [menu.py:69] Running User Menu
02-11-2023 14:29:51 DEBUG    [quiz_handler.py:88] Starting Quiz for peter.pan: 
02-11-2023 14:29:51 DEBUG    [quiz_handler.py:16] Display All Categories
02-11-2023 14:29:53 ERROR    [exception_handler.py:35] invalid literal for int() with base 10: ''
02-11-2023 14:32:49 DEBUG    [auth_handler.py:19] Login started...
02-11-2023 14:32:49 DEBUG    [auth_controller.py:20] Login Initiated
02-11-2023 14:32:54 DEBUG    [auth_controller.py:42] Login Successful
02-11-2023 14:32:54 DEBUG    [auth_handler.py:36] Login Successful
02-11-2023 14:32:54 INFO     [menu.py:93] Assigning menu according to the role
02-11-2023 14:32:54 INFO     [menu.py:69] Running User Menu
02-11-2023 14:32:56 DEBUG    [quiz_handler.py:88] Starting Quiz for peter.pan: 
02-11-2023 14:32:56 DEBUG    [quiz_handler.py:16] Display All Categories
02-11-2023 14:32:57 DEBUG    [quiz_controller.py:231] Stating Quiz for peter.pan: 
02-11-2023 14:33:17 ERROR    [exception_handler.py:35] invalid literal for int() with base 10: ''
02-11-2023 14:42:31 INFO     [app.py:18] app.py running
02-11-2023 14:42:31 DEBUG    [initialize_app.py:30] Creating Super Admin
02-11-2023 14:42:31 DEBUG    [initialize_app.py:64] Super Admin Present
02-11-2023 14:42:31 DEBUG    [initialize_app.py:66] Initialization Complete
02-11-2023 14:42:31 INFO     [menu.py:111] Running start()
02-11-2023 14:42:33 DEBUG    [auth_handler.py:19] Login started...
02-11-2023 14:42:33 DEBUG    [auth_controller.py:20] Login Initiated
02-11-2023 14:42:46 INFO     [app.py:18] app.py running
02-11-2023 14:42:46 DEBUG    [initialize_app.py:30] Creating Super Admin
02-11-2023 14:42:46 DEBUG    [initialize_app.py:64] Super Admin Present
02-11-2023 14:42:46 DEBUG    [initialize_app.py:66] Initialization Complete
02-11-2023 14:42:46 INFO     [menu.py:111] Running start()
02-11-2023 14:42:49 DEBUG    [auth_handler.py:19] Login started...
02-11-2023 14:42:49 DEBUG    [auth_controller.py:20] Login Initiated
02-11-2023 14:42:59 DEBUG    [auth_controller.py:20] Login Initiated
02-11-2023 14:43:10 DEBUG    [auth_controller.py:42] Login Successful
02-11-2023 14:43:10 DEBUG    [auth_handler.py:36] Login Successful
02-11-2023 14:43:10 INFO     [menu.py:93] Assigning menu according to the role
02-11-2023 14:43:10 INFO     [menu.py:69] Running User Menu
02-11-2023 14:43:12 DEBUG    [quiz_handler.py:88] Starting Quiz for peter.pan: 
02-11-2023 14:43:12 DEBUG    [quiz_handler.py:16] Display All Categories
02-11-2023 14:43:17 DEBUG    [quiz_controller.py:231] Stating Quiz for peter.pan: 
